06/21/2020 04:49:57 PM - BaseFixture - INFO - #### Verify User is able to login and save Contact Info ####
06/21/2020 04:49:57 PM - BaseFixture - INFO - Is Login Page loaded?: complete
06/21/2020 04:50:00 PM - BaseFixture - INFO - Login page is displayed
06/21/2020 04:50:01 PM - BaseFixture - INFO - Text is entered in element with locator [email] and locatortype [name].
06/21/2020 04:50:01 PM - BaseFixture - INFO - Username is entered
06/21/2020 04:50:02 PM - BaseFixture - INFO - Text is entered in element with locator [password] and locatortype [name].
06/21/2020 04:50:02 PM - BaseFixture - INFO - Password is entered
06/21/2020 04:50:02 PM - BaseFixture - INFO - Element with locator [//div[text()='Login']] and locatortype [xpath] is clicked.
06/21/2020 04:50:02 PM - BaseFixture - INFO - Login button is clicked
06/21/2020 04:50:02 PM - BaseFixture - INFO - Is Home Page loaded?: complete
06/21/2020 04:50:06 PM - BaseFixture - INFO - Home page is displayed
06/21/2020 04:50:06 PM - BaseFixture - INFO - Element with locator [a[href="/contacts"]] and locatortype [css] is clicked.
06/21/2020 04:50:06 PM - BaseFixture - INFO - Contact menu link is clicked
06/21/2020 04:50:12 PM - BaseFixture - INFO - Element with locator [//button[text()='New']] and locatortype [xpath] is clicked.
06/21/2020 04:50:12 PM - BaseFixture - INFO - New Button is clicked
06/21/2020 04:50:14 PM - BaseFixture - INFO - Is Create New Contacts Page loaded?: complete
06/21/2020 04:50:15 PM - BaseFixture - INFO - Create New Contacts is displayed
06/21/2020 04:50:15 PM - BaseFixture - INFO - Text is entered in element with locator [first_name] and locatortype [name].
06/21/2020 04:50:16 PM - BaseFixture - INFO - Text is entered in element with locator [last_name] and locatortype [name].
06/21/2020 04:50:17 PM - BaseFixture - INFO - Text is entered in element with locator [middle_name] and locatortype [name].
06/21/2020 04:50:17 PM - BaseFixture - INFO - Text is entered in element with locator [//div[@name='company']/input] and locatortype [xpath].
06/21/2020 04:50:17 PM - BaseFixture - INFO - Text is entered in element with locator [//label[text()='Tags']/../label[@for='tags']//input] and locatortype [xpath].
06/21/2020 04:50:28 PM - BaseFixture - INFO - Text is entered in element with locator [//input[@placeholder='Email address']] and locatortype [xpath].
06/21/2020 04:50:30 PM - BaseFixture - INFO - Text is entered in element with locator [day] and locatortype [name].
06/21/2020 04:50:31 PM - BaseFixture - INFO - Text is entered in element with locator [year] and locatortype [name].
06/21/2020 04:50:31 PM - BaseFixture - INFO - Value is entered/ selected for field: firstname_input
06/21/2020 04:50:31 PM - BaseFixture - INFO - Value is entered/ selected for field: lastname_input
06/21/2020 04:50:31 PM - BaseFixture - INFO - Value is entered/ selected for field: middlename_input
06/21/2020 04:50:31 PM - BaseFixture - INFO - Value is entered/ selected for field: company_input
06/21/2020 04:50:31 PM - BaseFixture - INFO - Value is entered/ selected for field: tags_input
06/21/2020 04:50:31 PM - BaseFixture - INFO - Value is entered/ selected for field: email_input
06/21/2020 04:50:31 PM - BaseFixture - INFO - Value is entered/ selected for field: category_input
06/21/2020 04:50:31 PM - BaseFixture - INFO - Value is entered/ selected for field: status_input
06/21/2020 04:50:31 PM - BaseFixture - INFO - Value is entered/ selected for field: birthday_input
06/21/2020 04:50:31 PM - BaseFixture - INFO - Value is entered/ selected for field: birthmonth_input
06/21/2020 04:50:31 PM - BaseFixture - INFO - Value is entered/ selected for field: birthyear_input
06/21/2020 04:50:31 PM - BaseFixture - INFO - Form is filled completely
06/21/2020 04:50:31 PM - BaseFixture - INFO - Element with locator [//button[text()='Save']] and locatortype [xpath] is clicked.
06/21/2020 04:50:31 PM - BaseFixture - INFO - Create New Contacts page Save button is clicked
06/21/2020 04:50:31 PM - BaseFixture - INFO - Report file path and assets folder path is updated in report_resources.txt
06/21/2020 04:50:39 PM - BaseFixture - INFO - ChromeDriver Service is stopped and Browser is closed.
