06/21/2020 11:27:07 AM - BaseFixture - INFO - #### Verify User is able to login and save Contact Info ####
06/21/2020 11:27:09 AM - BaseFixture - INFO - Is Login Page loaded?: complete
06/21/2020 11:27:09 AM - BaseFixture - INFO - Login page is displayed
06/21/2020 11:27:09 AM - BaseFixture - INFO - Text is entered in element with locator [email] and locatortype [name].
06/21/2020 11:27:09 AM - BaseFixture - INFO - Username is entered
06/21/2020 11:27:09 AM - BaseFixture - INFO - Text is entered in element with locator [password] and locatortype [name].
06/21/2020 11:27:09 AM - BaseFixture - INFO - Password is entered
06/21/2020 11:27:25 AM - BaseFixture - ERROR - Element with locator [//div[text()='Log']] and locatortype [xpath] is not found. 
06/21/2020 11:27:25 AM - BaseFixture - ERROR - Element with locator [//div[text()='Log']] and locatortype [xpath] is not clicked.
06/21/2020 11:27:25 AM - BaseFixture - ERROR - Login button is not clicked due to issue in finding login button element
06/21/2020 11:27:25 AM - BaseFixture - INFO - Is Home Page loaded?: complete
06/21/2020 11:27:30 AM - BaseFixture - ERROR - Element with locator [//div[text()='Contacts activity stream']] and locatortype [xpath] is not found. 
06/21/2020 11:27:31 AM - BaseFixture - INFO - Screenshot save to directory:D:/NK/Python/PyTestFramework/crmpro_automation/reports/report-21-06-2020 11-26-45failure-1592719051023.png
06/21/2020 11:27:52 AM - BaseFixture - INFO - #### This Test case assert fail ####
06/21/2020 11:27:53 AM - BaseFixture - INFO - Is Login Page loaded?: complete
06/21/2020 11:27:53 AM - BaseFixture - INFO - Login page is displayed
06/21/2020 11:27:54 AM - BaseFixture - INFO - Text is entered in element with locator [email] and locatortype [name].
06/21/2020 11:27:54 AM - BaseFixture - INFO - Username is entered
06/21/2020 11:27:54 AM - BaseFixture - INFO - Text is entered in element with locator [password] and locatortype [name].
06/21/2020 11:27:54 AM - BaseFixture - INFO - Password is entered
06/21/2020 11:28:10 AM - BaseFixture - ERROR - Element with locator [//div[text()='Log']] and locatortype [xpath] is not found. 
06/21/2020 11:28:10 AM - BaseFixture - ERROR - Element with locator [//div[text()='Log']] and locatortype [xpath] is not clicked.
06/21/2020 11:28:10 AM - BaseFixture - ERROR - Login button is not clicked due to issue in finding login button element
06/21/2020 11:28:10 AM - BaseFixture - INFO - Report file path and assets folder path is updated in report_resources.txt
06/21/2020 11:28:15 AM - BaseFixture - INFO - ChromeDriver Service is stopped and Browser is closed.
