06/21/2020 11:12:50 AM - BaseFixture - INFO - #### Verify User is able to login and save Contact Info ####
06/21/2020 11:12:53 AM - BaseFixture - INFO - Is Login Page loaded?: complete
06/21/2020 11:12:54 AM - BaseFixture - INFO - Login page is displayed
06/21/2020 11:12:55 AM - BaseFixture - INFO - Text is entered in element with locator [email] and locatortype [name].
06/21/2020 11:12:55 AM - BaseFixture - INFO - Username is entered
06/21/2020 11:12:55 AM - BaseFixture - INFO - Text is entered in element with locator [password] and locatortype [name].
06/21/2020 11:12:55 AM - BaseFixture - INFO - Password is entered
06/21/2020 11:13:12 AM - BaseFixture - ERROR - Element with locator [//div[text()='Log']] and locatortype [xpath] is not found. 
06/21/2020 11:13:12 AM - BaseFixture - ERROR - Element with locator [//div[text()='Log']] and locatortype [xpath] is not clicked.
06/21/2020 11:13:12 AM - BaseFixture - ERROR - Login button is not clicked due to issue in finding login button element
06/21/2020 11:13:12 AM - BaseFixture - INFO - Is Home Page loaded?: complete
06/21/2020 11:13:17 AM - BaseFixture - ERROR - Element with locator [//div[text()='Contacts activity stream']] and locatortype [xpath] is not found. 
06/21/2020 11:13:17 AM - BaseFixture - INFO - Screenshot save to directory:D:\NK\Python\PyTestFramework\crmpro_automation\pages\../screenshots/failure-1592718197310.png
06/21/2020 11:14:08 AM - BaseFixture - INFO - #### This Test case assert fail ####
06/21/2020 11:14:08 AM - BaseFixture - INFO - Is Login Page loaded?: complete
06/21/2020 11:14:08 AM - BaseFixture - INFO - Login page is displayed
06/21/2020 11:14:09 AM - BaseFixture - INFO - Text is entered in element with locator [email] and locatortype [name].
06/21/2020 11:14:09 AM - BaseFixture - INFO - Username is entered
06/21/2020 11:14:09 AM - BaseFixture - INFO - Text is entered in element with locator [password] and locatortype [name].
06/21/2020 11:14:09 AM - BaseFixture - INFO - Password is entered
06/21/2020 11:14:25 AM - BaseFixture - ERROR - Element with locator [//div[text()='Log']] and locatortype [xpath] is not found. 
06/21/2020 11:14:25 AM - BaseFixture - ERROR - Element with locator [//div[text()='Log']] and locatortype [xpath] is not clicked.
06/21/2020 11:14:25 AM - BaseFixture - ERROR - Login button is not clicked due to issue in finding login button element
06/21/2020 11:14:25 AM - BaseFixture - INFO - Report file path and assets folder path is updated in report_resources.txt
06/21/2020 11:14:34 AM - BaseFixture - INFO - ChromeDriver Service is stopped and Browser is closed.
