06/21/2020 12:06:35 PM - BaseFixture - INFO - #### Verify User is able to login and save Contact Info ####
06/21/2020 12:06:36 PM - BaseFixture - INFO - Is Login Page loaded?: complete
06/21/2020 12:06:36 PM - BaseFixture - INFO - Login page is displayed
06/21/2020 12:06:36 PM - BaseFixture - INFO - Text is entered in element with locator [email] and locatortype [name].
06/21/2020 12:06:36 PM - BaseFixture - INFO - Username is entered
06/21/2020 12:06:36 PM - BaseFixture - INFO - Text is entered in element with locator [password] and locatortype [name].
06/21/2020 12:06:36 PM - BaseFixture - INFO - Password is entered
06/21/2020 12:06:42 PM - BaseFixture - INFO - Screenshot save to directory:D:\NK\Python\PyTestFramework\crmpro_automation\pages\../screenshots/This is failure-1592721401924.png
06/21/2020 12:06:48 PM - BaseFixture - INFO - Screenshot save to directory:D:\NK\Python\PyTestFramework\crmpro_automation\pages\../screenshots/This is failure-1592721407921.png
06/21/2020 12:06:54 PM - BaseFixture - INFO - Screenshot save to directory:D:\NK\Python\PyTestFramework\crmpro_automation\pages\../screenshots/This is failure-1592721413879.png
06/21/2020 12:06:54 PM - BaseFixture - ERROR - Element with locator [//div[text()='Log']] and locatortype [xpath] is not found. 
06/21/2020 12:06:54 PM - BaseFixture - ERROR - Element with locator [//div[text()='Log']] and locatortype [xpath] is not clicked.
06/21/2020 12:06:54 PM - BaseFixture - ERROR - Login button is not clicked due to issue in finding login button element
06/21/2020 12:06:54 PM - BaseFixture - INFO - Is Home Page loaded?: complete
06/21/2020 12:06:59 PM - BaseFixture - INFO - Screenshot save to directory:D:\NK\Python\PyTestFramework\crmpro_automation\pages\../screenshots/This is failure-1592721419385.png
06/21/2020 12:06:59 PM - BaseFixture - ERROR - Element with locator [//div[text()='Contacts activity stream']] and locatortype [xpath] is not found. 
06/21/2020 12:07:26 PM - BaseFixture - INFO - #### This Test case assert fail ####
06/21/2020 12:07:28 PM - BaseFixture - INFO - Is Login Page loaded?: complete
06/21/2020 12:07:28 PM - BaseFixture - INFO - Login page is displayed
06/21/2020 12:07:29 PM - BaseFixture - INFO - Text is entered in element with locator [email] and locatortype [name].
06/21/2020 12:07:29 PM - BaseFixture - INFO - Username is entered
06/21/2020 12:07:29 PM - BaseFixture - INFO - Text is entered in element with locator [password] and locatortype [name].
06/21/2020 12:07:29 PM - BaseFixture - INFO - Password is entered
06/21/2020 12:07:34 PM - BaseFixture - INFO - Screenshot save to directory:D:\NK\Python\PyTestFramework\crmpro_automation\pages\../screenshots/This is failure-1592721454462.png
06/21/2020 12:07:40 PM - BaseFixture - INFO - Screenshot save to directory:D:\NK\Python\PyTestFramework\crmpro_automation\pages\../screenshots/This is failure-1592721460365.png
06/21/2020 12:07:46 PM - BaseFixture - INFO - Screenshot save to directory:D:\NK\Python\PyTestFramework\crmpro_automation\pages\../screenshots/This is failure-1592721466306.png
06/21/2020 12:07:46 PM - BaseFixture - ERROR - Element with locator [//div[text()='Log']] and locatortype [xpath] is not found. 
06/21/2020 12:07:46 PM - BaseFixture - ERROR - Element with locator [//div[text()='Log']] and locatortype [xpath] is not clicked.
06/21/2020 12:07:46 PM - BaseFixture - ERROR - Login button is not clicked due to issue in finding login button element
06/21/2020 12:07:46 PM - BaseFixture - INFO - Report file path and assets folder path is updated in report_resources.txt
06/21/2020 12:07:51 PM - BaseFixture - INFO - ChromeDriver Service is stopped and Browser is closed.
