06/21/2020 12:00:55 PM - BaseFixture - INFO - #### Verify User is able to login and save Contact Info ####
06/21/2020 12:00:56 PM - BaseFixture - INFO - Is Login Page loaded?: complete
06/21/2020 12:00:57 PM - BaseFixture - INFO - Login page is displayed
06/21/2020 12:00:59 PM - BaseFixture - INFO - Text is entered in element with locator [email] and locatortype [name].
06/21/2020 12:00:59 PM - BaseFixture - INFO - Username is entered
06/21/2020 12:00:59 PM - BaseFixture - INFO - Text is entered in element with locator [password] and locatortype [name].
06/21/2020 12:00:59 PM - BaseFixture - INFO - Password is entered
06/21/2020 12:01:04 PM - BaseFixture - INFO - Screenshot save to directory:D:\NK\Python\PyTestFramework\crmpro_automation\pages\../screenshots/failure-1592721064274.png
06/21/2020 12:01:10 PM - BaseFixture - INFO - Screenshot save to directory:D:\NK\Python\PyTestFramework\crmpro_automation\pages\../screenshots/failure-1592721070395.png
06/21/2020 12:01:16 PM - BaseFixture - INFO - Screenshot save to directory:D:\NK\Python\PyTestFramework\crmpro_automation\pages\../screenshots/failure-1592721076560.png
06/21/2020 12:01:16 PM - BaseFixture - ERROR - Element with locator [//div[text()='Log']] and locatortype [xpath] is not found. 
06/21/2020 12:01:16 PM - BaseFixture - ERROR - Element with locator [//div[text()='Log']] and locatortype [xpath] is not clicked.
06/21/2020 12:01:16 PM - BaseFixture - ERROR - Login button is not clicked due to issue in finding login button element
06/21/2020 12:01:17 PM - BaseFixture - INFO - Is Home Page loaded?: complete
06/21/2020 12:01:22 PM - BaseFixture - INFO - Screenshot save to directory:D:\NK\Python\PyTestFramework\crmpro_automation\pages\../screenshots/failure-1592721082102.png
06/21/2020 12:01:22 PM - BaseFixture - ERROR - Element with locator [//div[text()='Contacts activity stream']] and locatortype [xpath] is not found. 
06/21/2020 12:01:56 PM - BaseFixture - INFO - #### This Test case assert fail ####
06/21/2020 12:01:56 PM - BaseFixture - INFO - Is Login Page loaded?: complete
06/21/2020 12:01:56 PM - BaseFixture - INFO - Login page is displayed
06/21/2020 12:01:56 PM - BaseFixture - INFO - Text is entered in element with locator [email] and locatortype [name].
06/21/2020 12:01:56 PM - BaseFixture - INFO - Username is entered
06/21/2020 12:01:56 PM - BaseFixture - INFO - Text is entered in element with locator [password] and locatortype [name].
06/21/2020 12:01:56 PM - BaseFixture - INFO - Password is entered
06/21/2020 12:02:02 PM - BaseFixture - INFO - Screenshot save to directory:D:\NK\Python\PyTestFramework\crmpro_automation\pages\../screenshots/failure-1592721121910.png
06/21/2020 12:02:08 PM - BaseFixture - INFO - Screenshot save to directory:D:\NK\Python\PyTestFramework\crmpro_automation\pages\../screenshots/failure-1592721127824.png
06/21/2020 12:02:14 PM - BaseFixture - INFO - Screenshot save to directory:D:\NK\Python\PyTestFramework\crmpro_automation\pages\../screenshots/failure-1592721133678.png
06/21/2020 12:02:14 PM - BaseFixture - ERROR - Element with locator [//div[text()='Log']] and locatortype [xpath] is not found. 
06/21/2020 12:02:14 PM - BaseFixture - ERROR - Element with locator [//div[text()='Log']] and locatortype [xpath] is not clicked.
06/21/2020 12:02:14 PM - BaseFixture - ERROR - Login button is not clicked due to issue in finding login button element
06/21/2020 12:02:14 PM - BaseFixture - INFO - Report file path and assets folder path is updated in report_resources.txt
06/21/2020 12:02:19 PM - BaseFixture - INFO - ChromeDriver Service is stopped and Browser is closed.
